C51 COMPILER V9.54   DELAYER                                                               12/11/2019 13:16:48 PAGE 1   


C51 COMPILER V9.54, COMPILATION OF MODULE DELAYER
OBJECT MODULE PLACED IN cb_obj\Debug\Delayer.obj
COMPILER INVOKED BY: D:\Keil_v5\C51\BIN\C51.exe Delayer.c OBJECT(cb_obj\Debug\Delayer.obj) SMALL DEBUG OBJECTEXTEND INCD
                    -IR(D:\Keil_v5\C51\INC)

line level    source

   1          #include "STC15.h"
   2          #include "Delayer.h"
   3          #include <intrins.h>
   4          
   5          
   6          
   7          void Timer0Interrupt(void) ;
   8          void Timer1Interrupt(void);
   9          void (*interrupt_callback)(void);
  10          char _time_ms=0;
  11          char _time_ms2=0;
  12          unsigned long int now=0;
  13          
  14          
  15          //5ms溢出
  16          void InitTimer0(void)
  17          {
  18   1          AUXR |= 0x80;               //定时器时钟1T模式
  19   1          TMOD &= 0xF0;               //设置定时器模式
  20   1          TL0 = 0x00;         //设置定时初值
  21   1          TH0 = 0x28;         //设置定时初值
  22   1          TF0 = 0;            //清除TF0标志
  23   1          EA=1;
  24   1          ET0=1;
  25   1          TR0 = 1;            //定时器0开始计时
  26   1      
  27   1      }
  28          
  29          
  30          void Timer0Interrupt(void) interrupt 1
  31          {
  32   1          _time_ms+=1;
  33   1          if (_time_ms==200)
  34   1          {
  35   2              _time_ms=0;
  36   2              now+=1;
  37   2          }
  38   1      
  39   1      }
  40          
  41          
  42          
  43          
  44          void InitTimer1(void (*callback)(void))
  45          {
  46   1      
  47   1          AUXR |= 0x40;               //定时器时钟1T模式
  48   1          TMOD &= 0x0F;               //设置定时器模式
  49   1          TL1 = 0xCD;         //设置定时初值
  50   1          TH1 = 0xD4;         //设置定时初值
  51   1          TF1 = 0;            //清除TF1标志
  52   1          interrupt_callback=callback;
  53   1          ET1=1;
  54   1          TR1 = 1;            //定时器1开始计时
C51 COMPILER V9.54   DELAYER                                                               12/11/2019 13:16:48 PAGE 2   

  55   1      
  56   1      }
  57          
  58          
  59          /**************
  60          脉冲信号函数
  61          计时器频率1HZ
  62          *****************/
  63          void Timer1Interrupt(void) interrupt 3
  64          {
  65   1          interrupt_callback();
  66   1      }
  67          
  68          
  69          
  70          
  71          
  72          
  73          
  74          
  75          
  76          
  77          
  78          
  79          
  80          
  81          
  82          
  83          
  84          
  85          
  86          
  87          
  88          
  89          
  90          
  91          
  92          
  93          
  94          
  95          
  96          
  97          
  98          
  99          
 100          
 101          /*******************Delay***************************/
 102          
 103          
 104          void delay2s()          //@11.0592MHz
 105          {
 106   1          unsigned char i, j, k;
 107   1      
 108   1          _nop_();
 109   1          _nop_();
 110   1          i = 85;
 111   1          j = 12;
 112   1          k = 155;
 113   1          do
 114   1          {
 115   2              do
 116   2              {
C51 COMPILER V9.54   DELAYER                                                               12/11/2019 13:16:48 PAGE 3   

 117   3                  while (--k);
 118   3              }
 119   2              while (--j);
 120   2          }
 121   1          while (--i);
 122   1      }
 123          
 124          
 125          void delay1ms()         //@11.0592MHz
 126          {
 127   1          unsigned char i, j;
 128   1      
 129   1          _nop_();
 130   1          _nop_();
 131   1          _nop_();
 132   1          i = 11;
 133   1          j = 190;
 134   1          do
 135   1          {
 136   2              while (--j);
 137   2          }
 138   1          while (--i);
 139   1      }
 140          
 141          
 142          
 143          void delay500ms()               //@11.0592MHz
 144          {
 145   1          unsigned char i, j, k;
 146   1      
 147   1          _nop_();
 148   1          _nop_();
 149   1          i = 22;
 150   1          j = 3;
 151   1          k = 227;
 152   1          do
 153   1          {
 154   2              do
 155   2              {
 156   3                  while (--k);
 157   3              }
 158   2              while (--j);
 159   2          }
 160   1          while (--i);
 161   1      }
 162          
 163          
 164          
 165          void delay3s()          //@11.0592MHz
 166          {
 167   1          unsigned char i, j, k;
 168   1      
 169   1          _nop_();
 170   1          _nop_();
 171   1          i = 127;
 172   1          j = 18;
 173   1          k = 107;
 174   1          do
 175   1          {
 176   2              do
 177   2              {
 178   3                  while (--k);
C51 COMPILER V9.54   DELAYER                                                               12/11/2019 13:16:48 PAGE 4   

 179   3              }
 180   2              while (--j);
 181   2          }
 182   1          while (--i);
 183   1      }
 184          
 185          
 186          


MODULE INFORMATION:   STATIC OVERLAYABLE
   CODE SIZE        =    224    ----
   CONSTANT SIZE    =   ----    ----
   XDATA SIZE       =   ----    ----
   PDATA SIZE       =   ----    ----
   DATA SIZE        =      9    ----
   IDATA SIZE       =   ----    ----
   BIT SIZE         =   ----    ----
END OF MODULE INFORMATION.


C51 COMPILATION COMPLETE.  0 WARNING(S),  0 ERROR(S)
