C51 COMPILER V9.54   MAIN                                                                  12/11/2019 13:16:48 PAGE 1   


C51 COMPILER V9.54, COMPILATION OF MODULE MAIN
OBJECT MODULE PLACED IN cb_obj\Debug\main.obj
COMPILER INVOKED BY: D:\Keil_v5\C51\BIN\C51.exe main.c OBJECT(cb_obj\Debug\main.obj) SMALL DEBUG OBJECTEXTEND INCDIR(D:\
                    -Keil_v5\C51\INC)

line level    source

   1          #include "STC15.h"
   2          #include "SignalCpu.h"
   3          #include "Delayer.h"
   4          #include "Water.h"
   5          #include "IO_PORT.h"
   6          #include "motor.h"
   7          #include "WatchDog.h"
   8          #include "inductor.h"
   9          
  10          void main(void);
  11          void __init__(void);
  12          void motor(void);
  13          
  14          void main(void)
  15          {
  16   1          __init__();
  17   1          timeLine();
  18   1      
  19   1      }
  20          
  21          
  22          
  23          /**********************************************
  24          FuncName:__init__
  25          info:初始化函数
  26          
  27          ***********************************************/
  28          void __init__(void)
  29          {
  30   1      
  31   1          P3=0xff;
  32   1          P1=0x01;
  33   1          P2=0x00;
  34   1          io_motor_ena=1; //打开悬空，关闭电机
  35   1          io_motor_ena_v=1;
  36   1          InitTimer0(); //启动全局时间(秒）
  37   1          motor_init();
  38   1          watch_dog_init();//初始化看门狗
  39   1          inductor_init();
  40   1      }
  41          
  42          


MODULE INFORMATION:   STATIC OVERLAYABLE
   CODE SIZE        =     32    ----
   CONSTANT SIZE    =   ----    ----
   XDATA SIZE       =   ----    ----
   PDATA SIZE       =   ----    ----
   DATA SIZE        =   ----    ----
   IDATA SIZE       =   ----    ----
   BIT SIZE         =   ----    ----
END OF MODULE INFORMATION.


C51 COMPILATION COMPLETE.  0 WARNING(S),  0 ERROR(S)
