C51 COMPILER V9.54   MOTOR                                                                 12/11/2019 13:16:48 PAGE 1   


C51 COMPILER V9.54, COMPILATION OF MODULE MOTOR
OBJECT MODULE PLACED IN cb_obj\Debug\Motor.obj
COMPILER INVOKED BY: D:\Keil_v5\C51\BIN\C51.exe Motor.c OBJECT(cb_obj\Debug\Motor.obj) SMALL DEBUG OBJECTEXTEND INCDIR(D
                    -:\Keil_v5\C51\INC)

line level    source

   1          #include "STC15.h"
   2          #include "IO_PORT.h"
   3          #include "Delayer.h"
   4          #include "motor.h"
   5          
   6          
   7          void set_speed(void);
   8          motor_speed=1;
   9          char _temp_speed=0;
  10          
  11          void motor_init(void)
  12          {
  13   1          InitTimer1(set_speed);
  14   1      }
  15          
  16          
  17          void motor_set_dir(void)
  18          {
  19   1          io_motor_dir=~io_motor_dir;
  20   1      
  21   1      }
  22          
  23          
  24          
  25          void motor_set_ena(void)
  26          {
  27   1          io_motor_ena=~io_motor_ena;
  28   1          io_motor_ena_v=~io_motor_ena_v;
  29   1      }
  30          
  31          
  32          
  33          void motor_run()
  34          {
  35   1          io_motor1_status=1;
  36   1      
  37   1      }
  38          void motor_stop()
  39          {
  40   1          io_motor1_status=0;
  41   1      
  42   1      }
  43          
  44          void motor2_run()
  45          {
  46   1          io_motor2_status=1;
  47   1      
  48   1      }
  49          void motor2_stop()
  50          {
  51   1          io_motor2_status=0;
  52   1      
  53   1      }
  54          
C51 COMPILER V9.54   MOTOR                                                                 12/11/2019 13:16:48 PAGE 2   

  55          
  56          
  57          
  58          
  59          
  60          
  61          
  62          
  63          void set_speed(void)
  64          {
  65   1          _temp_speed++;
  66   1          if (_temp_speed == motor_speed)
  67   1          {
  68   2              io_motor_pul=~io_motor_pul;
  69   2              _temp_speed=0;
  70   2          }
  71   1          if (_temp_speed>motor_speed)
  72   1          {
  73   2              _temp_speed=0;
  74   2          }
  75   1      }
  76          
  77          
  78          void set_speed_add(void)
  79          {
  80   1          if(motor_speed>1)
  81   1          {
  82   2              motor_speed--;
  83   2      
  84   2          }
  85   1      }
  86          
  87          void set_speed_sub(void)
  88          {
  89   1          motor_speed++;
  90   1      
  91   1      }
  92          
  93          
  94          
  95          
  96          
  97          


MODULE INFORMATION:   STATIC OVERLAYABLE
   CODE SIZE        =    109    ----
   CONSTANT SIZE    =   ----    ----
   XDATA SIZE       =   ----    ----
   PDATA SIZE       =   ----    ----
   DATA SIZE        =      3    ----
   IDATA SIZE       =   ----    ----
   BIT SIZE         =   ----    ----
END OF MODULE INFORMATION.


C51 COMPILATION COMPLETE.  0 WARNING(S),  0 ERROR(S)
