C51 COMPILER V9.54   SIGNALCPU                                                             12/11/2019 13:16:48 PAGE 1   


C51 COMPILER V9.54, COMPILATION OF MODULE SIGNALCPU
OBJECT MODULE PLACED IN cb_obj\Debug\SignalCpu.obj
COMPILER INVOKED BY: D:\Keil_v5\C51\BIN\C51.exe SignalCpu.c OBJECT(cb_obj\Debug\SignalCpu.obj) SMALL DEBUG OBJECTEXTEND 
                    -INCDIR(D:\Keil_v5\C51\INC)

line level    source

   1          #include "STC15.h"
   2          #include "Delayer.h"
   3          #include "IO_PORT.h"
   4          #include "motor.h"
   5          #include "WatchDog.h"
   6          #include "inductor.h"
   7          #include "Water.h"
   8          
   9          
  10          #define workTime 60  //每次启动时间s
  11          #define timerTime 7200 //定时启动时间s
  12          
  13          void timer_run(void);
  14          void timeLine(void);
  15          void en_bt(void);
  16          void runLine(void);
  17          void handDo_init(void);
  18          void inductor_line(void);
  19          char runLine_state=-1;//流水线的状态，0开始执行，1执行完成
  20          
  21          unsigned long int timer_start;
  22          
  23          
  24          
  25          void timeLine(void)
  26          {
  27   1      
  28   1          timer_start=now;//初始化定时函数变量
  29   1          handDo_init();//手动启动初始化中断
  30   1          while(1)
  31   1          {
  32   2      
  33   2              watch_feed_dog();//喂狗
  34   2              en_bt();
  35   2              inductor_line();
  36   2              timer_run();
  37   2      
  38   2      
  39   2          }
  40   1      
  41   1      
  42   1      }
  43          
  44          
  45          
  46          
  47          
  48          
  49          void runLine(void)
  50          {
  51   1          unsigned long int temp_start,temp_part_start;
  52   1          char part1,part2,part3;
  53   1          char part_time=workTime/3;
  54   1      
C51 COMPILER V9.54   SIGNALCPU                                                             12/11/2019 13:16:48 PAGE 2   

  55   1          /***如果是中断触发，则等待X秒****/
  56   1          while (inductor_en==1)
  57   1          {
  58   2              watch_feed_dog();
  59   2              if((now-inductor_en_time_start)>120)
  60   2              {
  61   3                  break;
  62   3              }
  63   2      
  64   2          }
  65   1      
  66   1          /*****************************/
  67   1      
  68   1          runLine_state=0;
  69   1          temp_start=now;
  70   1          part1=part_time*0.6;
  71   1          part2=part_time*0.8;
  72   1          part3=part_time*1;
  73   1          temp_start=now;
  74   1          motor_run();//open motor
  75   1      
  76   1          while( io_water==0 && io_motor_ena_v==0)
  77   1          {
  78   2              if ( (now-temp_start) >workTime )
  79   2              {
  80   3                  motor_stop();
  81   3                  io_water=1;//关闭水阀
  82   3                  runLine_state=1;
  83   3                  if (inductor_en==1)
  84   3                  {
  85   4                      EX0=1;//如果是中断触发打开中断
  86   4                  }
  87   3      
  88   3                  break;
  89   3              }
  90   2              en_bt();
  91   2              temp_part_start=now;
  92   2              watch_feed_dog();//喂狗
  93   2              while ( io_water==0 && io_motor_ena_v==0)
  94   2              {
  95   3                  en_bt();
  96   3                  watch_feed_dog();//喂狗
  97   3                  if ( temp_part_start<=now && now<(temp_part_start+part1) )
  98   3                  {
  99   4                      if (io_motor_dir!=0)
 100   4                      {
 101   5                          io_motor_dir=0;
 102   5                      } //正向转
 103   4      
 104   4                  }
 105   3                  else if( (temp_part_start+part1)<=now && now < (temp_part_start+part2))
 106   3                  {
 107   4                      if (io_motor_dir!=1)
 108   4                      {
 109   5                          io_motor_dir=1;
 110   5                      }
 111   4                  }
 112   3                  else if( (temp_part_start+part2)<=now && now < (temp_part_start+part3))
 113   3                  {
 114   4                      if (io_motor_dir!=0)
 115   4                      {
 116   5                          io_motor_dir=0;
C51 COMPILER V9.54   SIGNALCPU                                                             12/11/2019 13:16:48 PAGE 3   

 117   5                      }
 118   4                  }
 119   3                  else if(now>temp_part_start+part_time)
 120   3                  {
 121   4                      break;
 122   4                  }
 123   3      
 124   3              }
 125   2          }
 126   1      }
 127          
 128          
 129          
 130          
 131          
 132          
 133          /********
 134          en_bt 函数
 135          检查按键，并作出相应功能
 136          此函数不涉及中断
 137          *********/
 138          
 139          void en_bt(void)
 140          {
 141   1          if(io_bt_motor_inductor_en==1)
 142   1          {
 143   2              delay500ms();
 144   2              delay500ms();
 145   2              EX0=~EX0;
 146   2              indector_last_time=0;
 147   2              water_op();
 148   2              delay3s();
 149   2              water_cl();
 150   2      
 151   2      
 152   2          }
 153   1      
 154   1          if(io_bt_motor_ena==1)
 155   1          {
 156   2              delay500ms();
 157   2              motor_set_ena();//电机暂停
 158   2              inductor_en=0;
 159   2              delay500ms();
 160   2      
 161   2      
 162   2          }
 163   1          if(io_bt_water_ena==1)
 164   1          {
 165   2              delay500ms();
 166   2              water_set();//水阀暂停
 167   2              inductor_en=0;
 168   2              delay500ms();
 169   2      
 170   2      
 171   2          }
 172   1      
 173   1      }
 174          
 175          
 176          void timer_run(void)
 177          {
 178   1      //定时启动函数
C51 COMPILER V9.54   SIGNALCPU                                                             12/11/2019 13:16:48 PAGE 4   

 179   1          if(now>= (timer_start+timerTime) )
 180   1          {
 181   2      
 182   2              runLine();
 183   2              timer_start=now;
 184   2          }
 185   1      
 186   1      
 187   1      }
 188          
 189          
 190          void handDo_init(void)
 191          {
 192   1      //手动启动中断
 193   1          EA=1;
 194   1          IT1=0;
 195   1          EX1=1;
 196   1      }
 197          
 198          //void handDo_interrupt(void) interrupt 2
 199          //{
 200          //    EX1=0;
 201          //    runLine();
 202          //    EX1=1;
 203          //}
 204          
 205          void inductor_line(void)
 206          {
 207   1      //感应器时间线
 208   1          if(inductor_en==1)
 209   1          {
 210   2              runLine();
 211   2              if (runLine_state==1)
 212   2              {
 213   3                  inductor_en=0;
 214   3      
 215   3              }
 216   2      
 217   2      
 218   2          }
 219   1      
 220   1      }
 221          
 222          
 223          
 224          
 225          


MODULE INFORMATION:   STATIC OVERLAYABLE
   CODE SIZE        =    659    ----
   CONSTANT SIZE    =   ----    ----
   XDATA SIZE       =   ----    ----
   PDATA SIZE       =   ----    ----
   DATA SIZE        =      5      12
   IDATA SIZE       =   ----    ----
   BIT SIZE         =   ----    ----
END OF MODULE INFORMATION.


C51 COMPILATION COMPLETE.  0 WARNING(S),  0 ERROR(S)
