C51 COMPILER V9.54   WATCHDOG                                                              12/11/2019 13:16:49 PAGE 1   


C51 COMPILER V9.54, COMPILATION OF MODULE WATCHDOG
OBJECT MODULE PLACED IN cb_obj\Debug\WatchDog.obj
COMPILER INVOKED BY: D:\Keil_v5\C51\BIN\C51.exe WatchDog.c OBJECT(cb_obj\Debug\WatchDog.obj) SMALL DEBUG OBJECTEXTEND IN
                    -CDIR(D:\Keil_v5\C51\INC)

line level    source

   1          #include "STC15.h"
   2          
   3          
   4          void watch_dog_init(void);
   5          void watch_feed_dog(void);
   6          void watch_dog_init(void)
   7          {
   8   1          WDT_CONTR=0x37;
   9   1      }
  10          
  11          void watch_feed_dog(void)
  12          {
  13   1          WDT_CONTR=0x37;
  14   1      }


MODULE INFORMATION:   STATIC OVERLAYABLE
   CODE SIZE        =      8    ----
   CONSTANT SIZE    =   ----    ----
   XDATA SIZE       =   ----    ----
   PDATA SIZE       =   ----    ----
   DATA SIZE        =   ----    ----
   IDATA SIZE       =   ----    ----
   BIT SIZE         =   ----    ----
END OF MODULE INFORMATION.


C51 COMPILATION COMPLETE.  0 WARNING(S),  0 ERROR(S)
