C51 COMPILER V9.54   WATER                                                                 12/11/2019 13:16:49 PAGE 1   


C51 COMPILER V9.54, COMPILATION OF MODULE WATER
OBJECT MODULE PLACED IN cb_obj\Debug\Water.obj
COMPILER INVOKED BY: D:\Keil_v5\C51\BIN\C51.exe Water.c OBJECT(cb_obj\Debug\Water.obj) SMALL DEBUG OBJECTEXTEND INCDIR(D
                    -:\Keil_v5\C51\INC)

line level    source

   1          #include "STC15.h"
   2          #include "IO_PORT.h"
   3          void water_op(void);
   4          void water_cl(void);
   5          void water_set(void);
   6          
   7          void water_op(void)
   8          {
   9   1          io_water=0;
  10   1      
  11   1      }
  12          
  13          void water_cl(void)
  14          {
  15   1          io_water=1;
  16   1      
  17   1      }
  18          void water_set(void)
  19          {
  20   1          io_water=~io_water;
  21   1      
  22   1      }
  23          


MODULE INFORMATION:   STATIC OVERLAYABLE
   CODE SIZE        =      9    ----
   CONSTANT SIZE    =   ----    ----
   XDATA SIZE       =   ----    ----
   PDATA SIZE       =   ----    ----
   DATA SIZE        =   ----    ----
   IDATA SIZE       =   ----    ----
   BIT SIZE         =   ----    ----
END OF MODULE INFORMATION.


C51 COMPILATION COMPLETE.  0 WARNING(S),  0 ERROR(S)
