Replace Part J2 CON4-NP in D:\lin\Desktop\C51_粪便处理器\PCB\STC15_U1.SchDoc with CON4-NP from IA-04.DbLib
Replace Part J3 CON4-NP in D:\lin\Desktop\C51_粪便处理器\PCB\STC15_U1.SchDoc with CON4-NP from IA-04.DbLib
Replace Part JP0 CON8-NP in D:\lin\Desktop\C51_粪便处理器\PCB\STC15_U1.SchDoc with CON8-NP from IA-04.DbLib
Replace Part JP1 CON8-NP in D:\lin\Desktop\C51_粪便处理器\PCB\STC15_U1.SchDoc with CON8-NP from IA-04.DbLib
Replace Part JP2 CON8-NP in D:\lin\Desktop\C51_粪便处理器\PCB\STC15_U1.SchDoc with CON8-NP from IA-04.DbLib
Replace Part JP3 CON8-NP in D:\lin\Desktop\C51_粪便处理器\PCB\STC15_U1.SchDoc with CON8-NP from IA-04.DbLib
Replace Part JRW CON2-NP in D:\lin\Desktop\C51_粪便处理器\PCB\STC15_U1.SchDoc with CON2-NP from IA-04.DbLib
Replace Part Q1 Triode-NPN-BCE in D:\lin\Desktop\C51_粪便处理器\PCB\STC15_U1.SchDoc with Triode-NPN-BCE from IA-04.DbLib
Replace Part Q2 Triode-NPN-BCE in D:\lin\Desktop\C51_粪便处理器\PCB\STC15_U1.SchDoc with Triode-NPN-BCE from IA-04.DbLib
Replace Part Q3 Triode-NPN-BCE in D:\lin\Desktop\C51_粪便处理器\PCB\STC15_U1.SchDoc with Triode-NPN-BCE from IA-04.DbLib
Replace Part Q4 Triode-NPN-BCE in D:\lin\Desktop\C51_粪便处理器\PCB\STC15_U1.SchDoc with Triode-NPN-BCE from IA-04.DbLib
Replace Part Q5 Triode-NPN-BCE in D:\lin\Desktop\C51_粪便处理器\PCB\STC15_U1.SchDoc with Triode-NPN-BCE from IA-04.DbLib
Replace Part Q6 Triode-NPN-BCE in D:\lin\Desktop\C51_粪便处理器\PCB\STC15_U1.SchDoc with Triode-NPN-BCE from IA-04.DbLib
Replace Part Q7 Triode-NPN-BCE in D:\lin\Desktop\C51_粪便处理器\PCB\STC15_U1.SchDoc with Triode-NPN-BCE from IA-04.DbLib
Replace Part Q8 Triode-NPN-BCE in D:\lin\Desktop\C51_粪便处理器\PCB\STC15_U1.SchDoc with Triode-NPN-BCE from IA-04.DbLib
Replace Part R2 RES-2-NP in D:\lin\Desktop\C51_粪便处理器\PCB\STC15_U1.SchDoc with RES-2-NP from IA-04.DbLib
Replace Part R3 RES-2-NP in D:\lin\Desktop\C51_粪便处理器\PCB\STC15_U1.SchDoc with RES-2-NP from IA-04.DbLib
Replace Part R4 RES-2-NP in D:\lin\Desktop\C51_粪便处理器\PCB\STC15_U1.SchDoc with RES-2-NP from IA-04.DbLib
Replace Part R5 RES-2-NP in D:\lin\Desktop\C51_粪便处理器\PCB\STC15_U1.SchDoc with RES-2-NP from IA-04.DbLib
Replace Part R6 RES-2-NP in D:\lin\Desktop\C51_粪便处理器\PCB\STC15_U1.SchDoc with RES-2-NP from IA-04.DbLib
Replace Part R7 RES-2-NP in D:\lin\Desktop\C51_粪便处理器\PCB\STC15_U1.SchDoc with RES-2-NP from IA-04.DbLib
Replace Part R8 RES-2-NP in D:\lin\Desktop\C51_粪便处理器\PCB\STC15_U1.SchDoc with RES-2-NP from IA-04.DbLib
Replace Part R9 RES-2-NP in D:\lin\Desktop\C51_粪便处理器\PCB\STC15_U1.SchDoc with RES-2-NP from IA-04.DbLib
Replace Part TUGEN 铺铜条 in D:\lin\Desktop\C51_粪便处理器\PCB\STC15_U1.SchDoc with 铺铜条 from KF接口.SchLib
Replace Part TUVCC 铺铜条 in D:\lin\Desktop\C51_粪便处理器\PCB\STC15_U1.SchDoc with 铺铜条 from KF接口.SchLib
Replace Part U1 STC15F2K60S2_PDIP40 in D:\lin\Desktop\C51_粪便处理器\PCB\STC15_U1.SchDoc with STC15F2K60S2_PDIP40 from stcmcu_altium1819.SchLib
