C51 COMPILER V9.54   DELAYER                                                               02/01/2020 10:43:04 PAGE 1   


C51 COMPILER V9.54, COMPILATION OF MODULE DELAYER
OBJECT MODULE PLACED IN .\Objects\Delayer.obj
COMPILER INVOKED BY: C:\sd\Keil_v5\C51\BIN\C51.EXE Delayer.c OMF2 OPTIMIZE(8,SPEED) BROWSE DEBUG PRINT(.\Listings\Delaye
                    -r.lst) TABS(2) OBJECT(.\Objects\Delayer.obj)

line level    source

   1          #include "STC15.h"
   2          #include "Delayer.h"
   3          #include <intrins.h>
   4          #include "IO_PORT.h"
   5          #include "WatchDog.h"
   6          unsigned long int idata maxtime=2147483647;
   7          
   8          void Timer0Interrupt(void) ;
   9          
  10          unsigned long int idata motor2_pulse=0;
  11          char idata motor2_runFinish=1;
  12          
  13          unsigned int xdata now_tf;
  14          unsigned long int now;
  15          
  16          
  17          
  18          
  19          
  20          
  21          /*************************************************************MOTOR2*******S
  22          脉冲信号函数
  23          计时器频率1HZ
  24          *****************/
  25          
  26          
  27          void Timer3Init(void)   //1毫秒@11.0592MHz
  28          {
  29   1          T4T3M |= 0x02;    //定时器时钟1T模式
  30   1          T3L = 0xCD;   //设置定时初值
  31   1          T3H = 0xD4;   //设置定时初值
  32   1          IE2 |=0x20; //允许中断
  33   1          Timer3_run();
  34   1      
  35   1      }
  36          void Timer3_stop()
  37          {
  38   1      //重置T3
  39   1          T4T3M &= ~0x08;   //定时器3暂停
  40   1      }
  41          void Timer3_run()
  42          {
  43   1          T4T3M |= 0x08;    //定时器3开始计时
  44   1      }
  45          
  46          void Timer3Interrupt(void) interrupt 19
  47          {
  48   1      
  49   1          if(motor2_pulse>0)
  50   1          {
  51   2             io_motor2_pul=~io_motor2_pul;
  52   2          }
  53   1          else
  54   1          {
C51 COMPILER V9.54   DELAYER                                                               02/01/2020 10:43:04 PAGE 2   

  55   2              T4T3M &= ~0x08;   //定时器3暂停
  56   2          }
  57   1          motor2_pulse--;
  58   1      
  59   1      }
  60          
  61          /*************************************************************MOTOR2*******E
  62          
  63          
  64          
  65          
  66          
  67          
  68          
  69          
  70          
  71          
  72          /*****波特率发生器***********************************************S***/
  73          
  74          void UartInit(void)   //9600bps@11.0592MHz
  75          {
  76   1          S2CON = 0x50;   //8位数据,可变波特率
  77   1          AUXR |= 0x04;   //定时器2时钟为Fosc,即1T
  78   1          T2L = 0xE0;   //设定定时初值
  79   1          T2H = 0xFE;   //设定定时初值
  80   1         // IE2|=0x01; //串口中断
  81   1          IP2|=0x01; //设置串口中断高优先级
  82   1          AUXR |= 0x10;   //启动定时器2
  83   1      }
  84          /*****波特率发生器****************************************************E***/
  85          
  86          
  87          
  88          /*******************全局定时器****************************************S*/
  89          void InitTimer0(void)
  90          {
  91   1          AUXR |= 0x80;   //定时器时钟1T模式
  92   1          TMOD &= 0xF0;   //设置定时器模式
  93   1          TL0 = 0xCD;   //设置定时初值
  94   1          TH0 = 0xD4;   //设置定时初值
  95   1          TF0 = 0;    //清除TF0标志
  96   1          EA=1;
  97   1          ET0=1;
  98   1          TR0 = 1;    //定时器0开始计时
  99   1      
 100   1      }
 101          
 102          
 103          void Timer0Interrupt(void) interrupt 1 using 2
 104          {
 105   1          now++;
 106   1          if (now >=maxtime)
 107   1          {
 108   2              now_tf++;
 109   2              now=0;
 110   2              IAP_CONTR=0x20; //重启
 111   2      
 112   2          }
 113   1      }
 114          
 115          /*******************全局定时器***************************************E*/
 116          
C51 COMPILER V9.54   DELAYER                                                               02/01/2020 10:43:04 PAGE 3   

 117          
 118          
 119          
 120          
 121          
 122          /*******************Delay***************************/
 123          
 124          void wait(unsigned int t)
 125          //以定时器为基础，等待多少毫秒。
 126          {
 127   1          unsigned long int idata start_time;
 128   1          start_time=now;
 129   1          while (1)
 130   1          {
 131   2              watch_feed_dog();
 132   2              if ((now-start_time)>t)
 133   2              {
 134   3                  break;
 135   3              }
 136   2          }
 137   1      
 138   1      }
 139          
 140          
 141          
 142          
 143          
 144          
 145          
 146          
 147          
 148          
 149          
 150          
 151          void delay2s()    //@11.0592MHz
 152          {
 153   1          unsigned char i, j, k;
 154   1      
 155   1          _nop_();
 156   1          _nop_();
 157   1          i = 85;
 158   1          j = 12;
 159   1          k = 155;
 160   1          do
 161   1          {
 162   2              do
 163   2              {
 164   3                  while (--k);
 165   3              }
 166   2              while (--j);
 167   2          }
 168   1          while (--i);
 169   1      }
 170          
 171          
 172          void delay1ms()   //@11.0592MHz
 173          {
 174   1          unsigned char i, j;
 175   1      
 176   1          _nop_();
 177   1          _nop_();
 178   1          _nop_();
C51 COMPILER V9.54   DELAYER                                                               02/01/2020 10:43:04 PAGE 4   

 179   1          i = 11;
 180   1          j = 190;
 181   1          do
 182   1          {
 183   2              while (--j);
 184   2          }
 185   1          while (--i);
 186   1      }
 187          
 188          
 189          
 190          void delay500ms()   //@11.0592MHz
 191          {
 192   1          unsigned char i, j, k;
 193   1      
 194   1          _nop_();
 195   1          _nop_();
 196   1          i = 22;
 197   1          j = 3;
 198   1          k = 227;
 199   1          do
 200   1          {
 201   2              do
 202   2              {
 203   3                  while (--k);
 204   3              }
 205   2              while (--j);
 206   2          }
 207   1          while (--i);
 208   1      }
 209          
 210          
 211          
 212          void delay3s()    //@11.0592MHz
 213          {
 214   1          unsigned char i, j, k;
 215   1      
 216   1          _nop_();
 217   1          _nop_();
 218   1          i = 127;
 219   1          j = 18;
 220   1          k = 107;
 221   1          do
 222   1          {
 223   2              do
 224   2              {
 225   3                  while (--k);
 226   3              }
 227   2              while (--j);
 228   2          }
 229   1          while (--i);
 230   1      }
 231          
 232          
 233          


MODULE INFORMATION:   STATIC OVERLAYABLE
   CODE SIZE        =    380    ----
   CONSTANT SIZE    =   ----    ----
   XDATA SIZE       =      2    ----
   PDATA SIZE       =   ----    ----
C51 COMPILER V9.54   DELAYER                                                               02/01/2020 10:43:04 PAGE 5   

   DATA SIZE        =      4       2
   IDATA SIZE       =      9       4
   BIT SIZE         =   ----    ----
   EDATA SIZE       =   ----    ----
   HDATA SIZE       =   ----    ----
   XDATA CONST SIZE =   ----    ----
   FAR CONST SIZE   =   ----    ----
END OF MODULE INFORMATION.


C51 COMPILATION COMPLETE.  0 WARNING(S),  0 ERROR(S)
