C51 COMPILER V9.54   MAIN                                                                  01/22/2020 09:41:20 PAGE 1   


C51 COMPILER V9.54, COMPILATION OF MODULE MAIN
OBJECT MODULE PLACED IN .\Objects\main.obj
COMPILER INVOKED BY: C:\sd\Keil_v5\C51\BIN\C51.EXE main.c OMF2 OPTIMIZE(8,SPEED) BROWSE DEBUG PRINT(.\Listings\main.lst)
                    - TABS(2) OBJECT(.\Objects\main.obj)

line level    source

   1          #include "STC15.h"
   2          #include "SignalCpu.h"
   3          #include "Delayer.h"
   4          #include "Water.h"
   5          #include "IO_PORT.h"
   6          #include "motor.h"
   7          #include "WatchDog.h"
   8          #include "inductor.h"
   9          #include "threading.h"
  10          
  11          void main(void);
  12          void __init__(void);
  13          void motor(void);
  14          void set_io_mode(void);
  15          void main(void)
  16          {
  17   1          __init__();
  18   1          timeLine();
  19   1      
  20   1      }
  21          
  22          
  23          
  24          /**********************************************
  25          FuncName:__init__
  26          info:初始化函数
  27          
  28          ***********************************************/
  29          void __init__(void)
  30          {
  31   1          set_io_mode();
  32   1          IAP_CONTR |= 0x40;
  33   1          delay2s();
  34   1          InitTimer0(); //启动全局时间(秒）
  35   1          motor_init();//电机初始化，包括定时器
  36   1          watch_dog_init();//初始化看门狗
  37   1          inductor_init();
  38   1          UartInit();//串口2
  39   1          motor2_stop();
  40   1          motor_stop();
  41   1      }
  42          
  43          void set_io_mode(void){
  44   1          P0M0=0x00;
  45   1          P1M0=0x00;
  46   1          P2M0=0x00;
  47   1          P3M0=0x00;
  48   1          P4M0=0x00;
  49   1          P0M1=0x00;
  50   1          P1M1=0x00;
  51   1          P2M1=0x00;
  52   1          P3M1=0x00;
  53   1          P4M1=0x00;
  54   1          P4M0|=0x00;
C51 COMPILER V9.54   MAIN                                                                  01/22/2020 09:41:20 PAGE 2   

  55   1          //设置强推模式-----S
  56   1          P0M1&=0xF0;
  57   1          P0M0|=0x0F;
  58   1          P5M1&=0xDF;
  59   1          P5M0|=0x20;
  60   1         //设置强推模式------E
  61   1          P0=0xFF;
  62   1          P1=0XFF;
  63   1          P2=0xFF;
  64   1          P3=0xFF;
  65   1          P4=0xFF;
  66   1          P0&=0xF0;
  67   1          P5&=0xDF;
  68   1        
  69   1          
  70   1      
  71   1      }
  72          
  73          


MODULE INFORMATION:   STATIC OVERLAYABLE
   CODE SIZE        =     91    ----
   CONSTANT SIZE    =   ----    ----
   XDATA SIZE       =   ----    ----
   PDATA SIZE       =   ----    ----
   DATA SIZE        =   ----    ----
   IDATA SIZE       =   ----    ----
   BIT SIZE         =   ----    ----
   EDATA SIZE       =   ----    ----
   HDATA SIZE       =   ----    ----
   XDATA CONST SIZE =   ----    ----
   FAR CONST SIZE   =   ----    ----
END OF MODULE INFORMATION.


C51 COMPILATION COMPLETE.  0 WARNING(S),  0 ERROR(S)
