C51 COMPILER V9.54   SIGNALCPU                                                             01/22/2020 09:41:21 PAGE 1   


C51 COMPILER V9.54, COMPILATION OF MODULE SIGNALCPU
OBJECT MODULE PLACED IN .\Objects\SignalCpu.obj
COMPILER INVOKED BY: C:\sd\Keil_v5\C51\BIN\C51.EXE SignalCpu.c OMF2 OPTIMIZE(8,SPEED) BROWSE DEBUG PRINT(.\Listings\Sign
                    -alCpu.lst) TABS(2) OBJECT(.\Objects\SignalCpu.obj)

line level    source

   1          #include "STC15.h"
   2          #include "Delayer.h"
   3          #include "IO_PORT.h"
   4          #include "motor.h"
   5          #include "WatchDog.h"
   6          #include "inductor.h"
   7          #include "Water.h"
   8          #include "threading.h"
   9          
  10          
  11          unsigned long int idata timerTime=7200000; //定时启ms
  12          //感应器触发时间间隔，在这里个时间内只能触发一次
  13          unsigned char idata interval_time=120;
  14          
  15          
  16          
  17          void timer_run(void);
  18          void timeLine(void);
  19          void en_bt(void);
  20          void runLine(void);
  21          char runLine_state=-1;//流水线的状态，0开始执行，1执行完成
  22          void inductor_run();
  23          unsigned long int idata now_start;
  24          unsigned long int idata led_timer_start;
  25          
  26          
  27          void timeLine(void)
  28          {
  29   1      
  30   1          now_start=now;//初始化定时函数变量
  31   1          led_timer_start=now;
  32   1          while(1)
  33   1          {
  34   2              watch_feed_dog();//喂狗
  35   2              en_bt();
  36   2              timer_run();
  37   2              inductor_run();
  38   2              if(now-led_timer_start >1000)
  39   2              {
  40   3                  led_timer_start=now;
  41   3                  P55=~P55;
  42   3      
  43   3              }
  44   2      
  45   2          }
  46   1      
  47   1      
  48   1      }
  49          
  50          
  51          
  52          
  53          
  54          
C51 COMPILER V9.54   SIGNALCPU                                                             01/22/2020 09:41:21 PAGE 2   

  55          void runLine(void)
  56          {
  57   1          
  58   1          inductor_close_all();
  59   1          motor2_make_zero();
  60   1          water_op();
  61   1          wait(5000);
  62   1          water_op();
  63   1          motor2_move(-100,10);
  64   1          motor2_move(-100,10);
  65   1          motor_run();
  66   1          motor2_move(-100,10);
  67   1          motor2_move(-100,10);
  68   1          motor2_move(-25,4);
  69   1          wait(5000);
  70   1          water_cl();
  71   1          motor_stop();
  72   1          motor2_make_zero();
  73   1          inductor_open_all();
  74   1         
  75   1      }
  76          
  77          
  78          
  79          void timer_run(void)
  80          {
  81   1      //定时启动函数
  82   1          if(now>= (now_start+timerTime ))
  83   1          {
  84   2              inductor_close_all();//关闭所有感应器
  85   2              runLine();
  86   2              now_start=now;
  87   2              inductor_open_all();//开启所有感应器
  88   2          }
  89   1      }
  90          
  91          
  92          
  93          
  94          void inductor_run()
  95          {
  96   1          unsigned long int idata temp=(now-inductor_en_time_start);
  97   1          if(inductor_en==1 && io_inductor==1 && temp>120000)
  98   1          {
  99   2              inductor_close_all();//关闭所有感应器
 100   2              if((table_analyze()).data_shake)
 101   2              {
 102   3                  runLine();
 103   3                  indector_last_time=now;
 104   3                  inductor_en=0;
 105   3                  table_inductor_clear_all();
 106   3              }
 107   2              else
 108   2              {
 109   3                  inductor_en=0;
 110   3              }
 111   2              inductor_open_all();//开启所有感应器
 112   2          }
 113   1      }
 114          
 115          
 116          
C51 COMPILER V9.54   SIGNALCPU                                                             01/22/2020 09:41:21 PAGE 3   

 117          
 118          
 119          
 120          
 121          
 122          
 123          
 124          
 125          /********
 126          en_bt 函数
 127          检查按键，并作出相应功能
 128          此函数不涉及中断
 129          *********/
 130          
 131          void en_bt(void)
 132          {
 133   1          if(io_bt_motor2_back==0)
 134   1          {
 135   2             IE2&=~0x01; //串口中断
 136   2              motor2_move(-10,1);
 137   2          }
 138   1      
 139   1          if(io_bt_motor2_go==0)
 140   1          {
 141   2               IE2|=0x01; //串口中断
 142   2              motor2_move(10,1);
 143   2          }
 144   1          if(io_bt_water_ena==0)
 145   1          {
 146   2      
 147   2              delay500ms();
 148   2              water_set();
 149   2          }
 150   1          if(io_bt_inductor_en==0)
 151   1          {
 152   2      
 153   2              runLine();
 154   2              //io_water=0;
 155   2              // delay2s();
 156   2              // io_water=1;
 157   2              //EX0=1;
 158   2              // EX1=1;
 159   2          }
 160   1      
 161   1      }
 162          
 163          
 164          
 165          


MODULE INFORMATION:   STATIC OVERLAYABLE
   CODE SIZE        =    384    ----
   CONSTANT SIZE    =   ----    ----
   XDATA SIZE       =   ----    ----
   PDATA SIZE       =   ----    ----
   DATA SIZE        =      1    ----
   IDATA SIZE       =     13       4
   BIT SIZE         =   ----    ----
   EDATA SIZE       =   ----    ----
   HDATA SIZE       =   ----    ----
   XDATA CONST SIZE =   ----    ----
C51 COMPILER V9.54   SIGNALCPU                                                             01/22/2020 09:41:21 PAGE 4   

   FAR CONST SIZE   =   ----    ----
END OF MODULE INFORMATION.


C51 COMPILATION COMPLETE.  0 WARNING(S),  0 ERROR(S)
