C51 COMPILER V9.54   THREADING                                                             12/18/2019 17:19:24 PAGE 1   


C51 COMPILER V9.54, COMPILATION OF MODULE THREADING
OBJECT MODULE PLACED IN .\Objects\threading.obj
COMPILER INVOKED BY: C:\sd\Keil_v5\C51\BIN\C51.EXE threading.c OMF2 OPTIMIZE(8,SPEED) BROWSE DEBUG PRINT(.\Listings\thre
                    -ading.lst) TABS(2) OBJECT(.\Objects\threading.obj)

line level    source

   1          #include <math.h>
   2          #include <STC15.h>
   3          
   4          #define thread_count 10 //åˆ—é˜Ÿå¤§å°
   5          #define maxtime 2147483647
   6          
   7          unsigned long int now=0;
   8          unsigned long int now_tf=0;//æ—¶é—´æº¢å‡ºæ¬¡æ•°
   9          unsigned char thread_empty();
  10          void threadCreate_init();
  11          void _threading_init();
  12          struct threadObjects
  13          {
  14              unsigned char location;//å½“å‰ä½ç½®
  15              void (*func)(struct threadObjects *cthis);//å½“å‰å‡½æ•°
  16              unsigned long int extime;//æ‰§è¡Œæ—¶é—´ï¼ˆç­‰å¾…æ—¶é—´+åŠ å…¥æ—¶é—´ï¼‰
  17              unsigned char tf;//æ—¶é—´é‡ç½®æ¬¡æ•°
  18              void (*nextFunc)(struct threadObjects *cthis);//ä¸‹ä¸€ä¸ªå‡½æ•°æŒ‡é’ˆ *cthis æ˜¯ä¼ å…¥å½“å‰å®ä¾‹åœ°å
             -€
  19          };
  20          
  21          
  22          struct threads
  23          {
  24              unsigned char cize;
  25              struct threadObjects *p[thread_count+1];//åˆ—è¡¨
  26              void (*f)(void);//å¾ªç¯æ‰§è¡Œçº¿ç¨‹
  27              void (*add)(void (*p)(struct threadObjects *cthis),unsigned char location);//åŠ å…¥çº¿ç¨‹å‡½æ•°
  28          
  29          } idata thread;
  30          
  31          
  32          struct threadObjects xdata threadObjectList[thread_count];
  33          
  34          
  35          
  36          
  37          
  38          //å¾ªç¯æ‰§è¡Œçº¿ç¨‹
  39          void _threads_line(void)
  40          {
  41   1          int i;
  42   1          for(i=1; i<(thread.cize); i++)
  43   1          {
  44   2              if(thread.p[i])
  45   2              {
  46   3                  if((( (now_tf-thread.p[i]->tf)*maxtime +now)-thread.p[i]->extime )>=0 )
  47   3      
  48   3                  {
  49   4                      thread.p[i]->func(thread.p[i]);
  50   4                      if (thread.p[i]->nextFunc)
  51   4                      {
  52   5                          //å¢åŠ åˆ°åˆ—è¡¨ï¼Œæ›¿æ¢å½“å‰åˆ—è¡¨
  53   5                          thread.add((thread.p[i]->nextFunc),(thread.p[i]->location));
C51 COMPILER V9.54   THREADING                                                             12/18/2019 17:19:24 PAGE 2   

  54   5      
  55   5                      }
  56   4                  }
  57   3      
  58   3              }
  59   2          }
  60   1      }
  61          
  62          
  63          
  64          void _thread_add(void (*p)(struct threadObjects *cthis),unsigned char location)
  65          {
  66   1          unsigned char em;
  67   1          struct threadObjects obj;
  68   1          obj.tf=now_tf;
  69   1          obj.func=p;
  70   1          if (location)
  71   1          {
  72   2              obj.location=location;
  73   2          }
  74   1          else
  75   1          {
  76   2              em=thread_empty();
  77   2              if (em)
  78   2              {
  79   3                  obj.location=thread_empty();
  80   3              }
  81   2      
  82   2          }
  83   1      
  84   1          if(location)
  85   1          {
  86   2              *(thread.p[obj.location])=obj;
  87   2          }
  88   1      
  89   1      }
  90          
  91          void threadCreate(void (*p)(void)){
  92   1      
  93   1          struct threadObjects obj;
  94   1          obj.tf=now_tf;
  95   1          obj.extime=0;
  96   1          obj.func=threadCreate_init;
  97   1          obj.nextFunc=p;
  98   1          obj.location=thread_empty();
  99   1          if (obj.location){
 100   2              *(thread.p[obj.location])=obj;
 101   2          }
 102   1      
 103   1      }
 104          
 105          void threadCreate_init(void *(p)(struct threadObjects (*cthis)))
 106              //createçš„æ„é€ å‡½æ•°
 107          {
 108   1          //ä»€ä¹ˆéƒ½ä¸åš
 109   1      
 110   1      }
*** WARNING C280 IN LINE 105 OF threading.c: 'p': unreferenced local variable
 111          
 112          
 113          
 114          
C51 COMPILER V9.54   THREADING                                                             12/18/2019 17:19:24 PAGE 3   

 115          
 116          unsigned char thread_empty()
 117          {
 118   1      //è¿”å›ä¸€ä¸ªæœ€è¿‘çš„ç©ºæŒ‡é’ˆæ•°ç»„ä¸‹æ ‡
 119   1          int i;
 120   1          for(i=1; i<thread.cize; i++)
 121   1          {
 122   2              if (!thread.p[i])
 123   2              {
 124   3                  return i;
 125   3                  break;
 126   3              }
 127   2      
 128   2          }
 129   1          return 0;
 130   1      
 131   1      }
 132          
 133          void _threading_init()
 134          {
 135   1          char i;
 136   1          thread.add=_thread_add;
 137   1          thread.f=_threads_line;
 138   1          thread.cize=thread_count+1;
 139   1          for(i=1;i<thread.cize;i++)
 140   1         {
 141   2              thread.p[i]=&threadObjectList[i-1]; //åˆå§‹åŒ–æŒ‡é’ˆèµ‹å€¼
 142   2          }
 143   1      }
 144          
 145          
 146          
 147          
 148          
 149          
 150          
 151          
 152          
 153          
 154          
 155          
 156          
 157          
 158          
 159          
 160          
 161          
 162          
 163          
 164          
 165          
 166          
 167          
 168          
 169          /*******************å®šæ—¶å™¨********************************/
 170          void InitTimer0(void)
 171          {
 172   1          AUXR |= 0x80;   //å®šæ—¶å™¨æ—¶é’Ÿ1Tæ¨¡å¼
 173   1          TMOD &= 0xF0;   //è®¾ç½®å®šæ—¶å™¨æ¨¡å¼
 174   1          TL0 = 0xCD;   //è®¾ç½®å®šæ—¶åˆå€¼
 175   1          TH0 = 0xD4;   //è®¾ç½®å®šæ—¶åˆå€¼
 176   1          TF0 = 0;    //æ¸…é™¤TF0æ ‡å¿—
C51 COMPILER V9.54   THREADING                                                             12/18/2019 17:19:24 PAGE 4   

 177   1          EA=1;
 178   1          ET0=1;
 179   1          TR0 = 1;    //å®šæ—¶å™¨0å¼€å§‹è®¡æ—¶
 180   1      
 181   1      }
 182          
 183          
 184          void Timer0Interrupt(void) interrupt 1
 185          {
 186   1          now++;
 187   1          if (now >=maxtime)
 188   1          {
 189   2              now_tf++;
 190   2              now=0;
 191   2          }
 192   1      }
 193          
 194          
 195          
 196          
 197          
 198          
 199          
 200          
 201          


MODULE INFORMATION:   STATIC OVERLAYABLE
   CODE SIZE        =    778    ----
   CONSTANT SIZE    =   ----    ----
   XDATA SIZE       =    120    ----
   PDATA SIZE       =   ----    ----
   DATA SIZE        =      8      34
   IDATA SIZE       =     40    ----
   BIT SIZE         =   ----    ----
   EDATA SIZE       =   ----    ----
   HDATA SIZE       =   ----    ----
   XDATA CONST SIZE =   ----    ----
   FAR CONST SIZE   =   ----    ----
END OF MODULE INFORMATION.


C51 COMPILATION COMPLETE.  1 WARNING(S),  0 ERROR(S)
