C51 COMPILER V9.54   WATCHDOG                                                              01/22/2020 09:41:24 PAGE 1   


C51 COMPILER V9.54, COMPILATION OF MODULE WATCHDOG
OBJECT MODULE PLACED IN .\Objects\WatchDog.obj
COMPILER INVOKED BY: C:\sd\Keil_v5\C51\BIN\C51.EXE WatchDog.c OMF2 OPTIMIZE(8,SPEED) BROWSE DEBUG PRINT(.\Listings\Watch
                    -Dog.lst) TABS(2) OBJECT(.\Objects\WatchDog.obj)

line level    source

   1          #include "STC15.h"
   2          
   3          
   4          void watch_dog_init(void);
   5          void watch_feed_dog(void);
   6          void watch_dog_init(void)
   7          {
   8   1          WDT_CONTR=0x37;
   9   1      }
  10          
  11          void watch_feed_dog(void)
  12          {
  13   1          WDT_CONTR=0x37;
  14   1      }


MODULE INFORMATION:   STATIC OVERLAYABLE
   CODE SIZE        =      8    ----
   CONSTANT SIZE    =   ----    ----
   XDATA SIZE       =   ----    ----
   PDATA SIZE       =   ----    ----
   DATA SIZE        =   ----    ----
   IDATA SIZE       =   ----    ----
   BIT SIZE         =   ----    ----
   EDATA SIZE       =   ----    ----
   HDATA SIZE       =   ----    ----
   XDATA CONST SIZE =   ----    ----
   FAR CONST SIZE   =   ----    ----
END OF MODULE INFORMATION.


C51 COMPILATION COMPLETE.  0 WARNING(S),  0 ERROR(S)
